<?xml version="1.0" encoding="UTF-8"?>
<!-- Generated by org.testng.reporters.JUnitXMLReporter -->
<testsuite ignored="0" hostname="DESKTOP-B1SBRCM" failures="0" tests="4" name="gtpl" time="20.847" errors="0" timestamp="2022-02-16T17:17:47 IST">
  <testcase classname="login.Gtpltest" name="user" time="0.283"/>
  <testcase classname="login.Gtpltest" name="passWord" time="1.844"/>
  <testcase classname="login.Gtpltest" name="checkTheUrl" time="0.092"/>
  <testcase classname="login.Gtpltest" name="TitlePage" time="0.031"/>
</testsuite> <!-- gtpl -->
