<?xml version="1.0" encoding="UTF-8"?>
<!-- Generated by org.testng.reporters.JUnitXMLReporter -->
<testsuite ignored="0" hostname="DESKTOP-FSSL81L" failures="0" tests="3" name="Test" time="21.203" errors="0" timestamp="2022-02-17T17:45:19 IST">
  <testcase classname="customstatmnt.Testcustomised" name="login" time="3.096"/>
  <testcase classname="customstatmnt.Testcustomised" name="mngr" time="1.258"/>
  <testcase classname="customstatmnt.Testcustomised" name="statmnt" time="9.476"/>
</testsuite> <!-- Test -->
