<?xml version="1.0" encoding="UTF-8"?>
<!-- Generated by org.testng.reporters.JUnitXMLReporter -->
<testsuite ignored="0" hostname="DESKTOP-FSSL81L" failures="0" tests="3" name="Test" time="12.625" errors="0" timestamp="2022-02-16T18:06:43 IST">
  <testcase classname="customstatmnt.Testcustomised" name="login" time="2.907"/>
  <testcase classname="customstatmnt.Testcustomised" name="mngr" time="1.085"/>
  <testcase classname="customstatmnt.Testcustomised" name="statmnt" time="0.392"/>
</testsuite> <!-- Test -->
