<?xml version="1.0" encoding="UTF-8"?>
<testng-results ignored="0" total="3" passed="3" failed="0" skipped="0">
  <reporter-output>
  </reporter-output>
  <suite started-at="2022-02-18T17:11:34 IST" name="Suite" finished-at="2022-02-18T17:12:17 IST" duration-ms="42173">
    <groups>
    </groups>
    <test started-at="2022-02-18T17:11:34 IST" name="Test" finished-at="2022-02-18T17:12:17 IST" duration-ms="42173">
      <class name="customstatmnt.Testcustomised">
        <test-method is-config="true" signature="beforeClass(java.lang.String)[pri:0, instance:customstatmnt.Testcustomised@5a56cdac]" started-at="2022-02-18T17:11:34 IST" name="beforeClass" finished-at="2022-02-18T17:11:44 IST" duration-ms="9641" status="PASS">
          <params>
            <param index="0">
              <value>
                <![CDATA[https://demo.guru99.com/V1/]]>
              </value>
            </param>
          </params>
          <reporter-output>
          </reporter-output>
        </test-method> <!-- beforeClass -->
        <test-method signature="login(java.lang.String,java.lang.String)[pri:0, instance:customstatmnt.Testcustomised@5a56cdac]" started-at="2022-02-18T17:11:44 IST" name="login" finished-at="2022-02-18T17:11:46 IST" duration-ms="2082" status="PASS">
          <params>
            <param index="0">
              <value>
                <![CDATA[mngr384011]]>
              </value>
            </param>
            <param index="1">
              <value>
                <![CDATA[EvusUna]]>
              </value>
            </param>
          </params>
          <reporter-output>
          </reporter-output>
        </test-method> <!-- login -->
        <test-method signature="mngr()[pri:1, instance:customstatmnt.Testcustomised@5a56cdac]" started-at="2022-02-18T17:11:46 IST" name="mngr" finished-at="2022-02-18T17:11:47 IST" duration-ms="1130" status="PASS">
          <reporter-output>
          </reporter-output>
        </test-method> <!-- mngr -->
        <test-method signature="statmnt()[pri:2, instance:customstatmnt.Testcustomised@5a56cdac]" started-at="2022-02-18T17:11:47 IST" name="statmnt" finished-at="2022-02-18T17:12:16 IST" duration-ms="29220" status="PASS">
          <reporter-output>
          </reporter-output>
        </test-method> <!-- statmnt -->
        <test-method is-config="true" signature="afterClass()[pri:0, instance:customstatmnt.Testcustomised@5a56cdac]" started-at="2022-02-18T17:12:17 IST" name="afterClass" finished-at="2022-02-18T17:12:17 IST" duration-ms="1" status="PASS">
          <reporter-output>
          </reporter-output>
        </test-method> <!-- afterClass -->
      </class> <!-- customstatmnt.Testcustomised -->
    </test> <!-- Test -->
  </suite> <!-- Suite -->
</testng-results>
