<?xml version="1.0" encoding="UTF-8"?>
<testng-results ignored="0" total="6" passed="5" failed="1" skipped="0">
  <reporter-output>
  </reporter-output>
  <suite started-at="2022-02-17T18:16:06 IST" name="Suite" finished-at="2022-02-17T18:17:54 IST" duration-ms="107945">
    <groups>
    </groups>
    <test started-at="2022-02-17T18:16:06 IST" name="Test" finished-at="2022-02-17T18:17:54 IST" duration-ms="107945">
      <class name="Test_Scenario.GTPL_Test">
        <test-method is-config="true" signature="start(java.lang.String)[pri:0, instance:Test_Scenario.GTPL_Test@37d4349f]" started-at="2022-02-17T18:16:06 IST" name="start" finished-at="2022-02-17T18:16:19 IST" duration-ms="12496" status="PASS">
          <params>
            <param index="0">
              <value>
                <![CDATA[http://demo.guru99.com/V1//]]>
              </value>
            </param>
          </params>
          <reporter-output>
          </reporter-output>
        </test-method> <!-- start -->
        <test-method signature="user(java.lang.String)[pri:0, instance:Test_Scenario.GTPL_Test@37d4349f]" started-at="2022-02-17T18:16:19 IST" name="user" finished-at="2022-02-17T18:16:19 IST" duration-ms="610" status="PASS">
          <params>
            <param index="0">
              <value>
                <![CDATA[mngr384303]]>
              </value>
            </param>
          </params>
          <reporter-output>
          </reporter-output>
        </test-method> <!-- user -->
        <test-method signature="passWord(java.lang.String)[pri:1, instance:Test_Scenario.GTPL_Test@37d4349f]" started-at="2022-02-17T18:16:19 IST" name="passWord" finished-at="2022-02-17T18:16:22 IST" duration-ms="2725" status="PASS">
          <params>
            <param index="0">
              <value>
                <![CDATA[pEmeryt]]>
              </value>
            </param>
          </params>
          <reporter-output>
          </reporter-output>
        </test-method> <!-- passWord -->
        <test-method signature="checkTheUrl()[pri:2, instance:Test_Scenario.GTPL_Test@37d4349f]" started-at="2022-02-17T18:16:22 IST" name="checkTheUrl" finished-at="2022-02-17T18:16:22 IST" duration-ms="73" status="PASS">
          <reporter-output>
          </reporter-output>
        </test-method> <!-- checkTheUrl -->
        <test-method signature="clickEditAccount()[pri:3, instance:Test_Scenario.GTPL_Test@37d4349f]" started-at="2022-02-17T18:16:22 IST" name="clickEditAccount" finished-at="2022-02-17T18:16:32 IST" duration-ms="10283" status="PASS">
          <reporter-output>
          </reporter-output>
        </test-method> <!-- clickEditAccount -->
        <test-method signature="editPageDetails()[pri:4, instance:Test_Scenario.GTPL_Test@37d4349f]" started-at="2022-02-17T18:16:32 IST" name="editPageDetails" finished-at="2022-02-17T18:16:34 IST" duration-ms="1180" status="PASS">
          <reporter-output>
          </reporter-output>
        </test-method> <!-- editPageDetails -->
        <test-method signature="editAccountPage()[pri:5, instance:Test_Scenario.GTPL_Test@37d4349f]" started-at="2022-02-17T18:16:34 IST" name="editAccountPage" finished-at="2022-02-17T18:17:54 IST" duration-ms="80490" status="FAIL">
          <exception class="java.lang.NullPointerException">
            <message>
              <![CDATA[Cannot invoke "org.openqa.selenium.support.ui.WebDriverWait.until(java.util.function.Function)" because "this.wait" is null]]>
            </message>
            <full-stacktrace>
              <![CDATA[java.lang.NullPointerException: Cannot invoke "org.openqa.selenium.support.ui.WebDriverWait.until(java.util.function.Function)" because "this.wait" is null
at GTPL_Auto.GTPL_EditAccountPage.editAccount(GTPL_EditAccountPage.java:69)
at Test_Scenario.GTPL_Test.editAccountPage(GTPL_Test.java:99)
at java.base/jdk.internal.reflect.NativeMethodAccessorImpl.invoke0(Native Method)
at java.base/jdk.internal.reflect.NativeMethodAccessorImpl.invoke(NativeMethodAccessorImpl.java:77)
at java.base/jdk.internal.reflect.DelegatingMethodAccessorImpl.invoke(DelegatingMethodAccessorImpl.java:43)
at java.base/java.lang.reflect.Method.invoke(Method.java:568)
at org.testng.internal.MethodInvocationHelper.invokeMethod(MethodInvocationHelper.java:133)
at org.testng.internal.TestInvoker.invokeMethod(TestInvoker.java:598)
at org.testng.internal.TestInvoker.invokeTestMethod(TestInvoker.java:173)
at org.testng.internal.MethodRunner.runInSequence(MethodRunner.java:46)
at org.testng.internal.TestInvoker$MethodInvocationAgent.invoke(TestInvoker.java:824)
at org.testng.internal.TestInvoker.invokeTestMethods(TestInvoker.java:146)
at org.testng.internal.TestMethodWorker.invokeTestMethods(TestMethodWorker.java:146)
at org.testng.internal.TestMethodWorker.run(TestMethodWorker.java:128)
at java.base/java.util.ArrayList.forEach(ArrayList.java:1511)
at org.testng.TestRunner.privateRun(TestRunner.java:794)
at org.testng.TestRunner.run(TestRunner.java:596)
at org.testng.SuiteRunner.runTest(SuiteRunner.java:377)
at org.testng.SuiteRunner.runSequentially(SuiteRunner.java:371)
at org.testng.SuiteRunner.privateRun(SuiteRunner.java:332)
at org.testng.SuiteRunner.run(SuiteRunner.java:276)
at org.testng.SuiteRunnerWorker.runSuite(SuiteRunnerWorker.java:53)
at org.testng.SuiteRunnerWorker.run(SuiteRunnerWorker.java:96)
at org.testng.TestNG.runSuitesSequentially(TestNG.java:1212)
at org.testng.TestNG.runSuitesLocally(TestNG.java:1134)
at org.testng.TestNG.runSuites(TestNG.java:1063)
at org.testng.TestNG.run(TestNG.java:1031)
at org.testng.remote.AbstractRemoteTestNG.run(AbstractRemoteTestNG.java:115)
at org.testng.remote.RemoteTestNG.initAndRun(RemoteTestNG.java:251)
at org.testng.remote.RemoteTestNG.main(RemoteTestNG.java:77)
]]>
            </full-stacktrace>
          </exception> <!-- java.lang.NullPointerException -->
          <reporter-output>
          </reporter-output>
        </test-method> <!-- editAccountPage -->
        <test-method is-config="true" signature="stop()[pri:0, instance:Test_Scenario.GTPL_Test@37d4349f]" started-at="2022-02-17T18:17:54 IST" name="stop" finished-at="2022-02-17T18:17:54 IST" duration-ms="0" status="PASS">
          <reporter-output>
          </reporter-output>
        </test-method> <!-- stop -->
      </class> <!-- Test_Scenario.GTPL_Test -->
    </test> <!-- Test -->
  </suite> <!-- Suite -->
</testng-results>
